Performing C SOURCE FILE Test CMAKE_HAVE_LIBC_PTHREAD failed with the following output:
Change Dir: /home/kmusw/바탕화면/capstone-2020-4/src/khaiii/build/CMakeFiles/CMakeTmp

Run Build Command(s):/usr/bin/make cmTC_d2aa7/fast && /usr/bin/make -f CMakeFiles/cmTC_d2aa7.dir/build.make CMakeFiles/cmTC_d2aa7.dir/build
make[1]: 디렉터리 '/home/kmusw/바탕화면/capstone-2020-4/src/khaiii/build/CMakeFiles/CMakeTmp' 들어감
Building C object CMakeFiles/cmTC_d2aa7.dir/src.c.o
/usr/bin/cc   -DCMAKE_HAVE_LIBC_PTHREAD -mfma   -o CMakeFiles/cmTC_d2aa7.dir/src.c.o   -c /home/kmusw/바탕화면/capstone-2020-4/src/khaiii/build/CMakeFiles/CMakeTmp/src.c
Linking C executable cmTC_d2aa7
/usr/local/bin/cmake -E cmake_link_script CMakeFiles/cmTC_d2aa7.dir/link.txt --verbose=1
/usr/bin/cc  -DCMAKE_HAVE_LIBC_PTHREAD -mfma    CMakeFiles/cmTC_d2aa7.dir/src.c.o  -o cmTC_d2aa7 
CMakeFiles/cmTC_d2aa7.dir/src.c.o: In function `main':
src.c:(.text+0x3c): undefined reference to `pthread_create'
src.c:(.text+0x48): undefined reference to `pthread_detach'
src.c:(.text+0x54): undefined reference to `pthread_cancel'
src.c:(.text+0x65): undefined reference to `pthread_join'
src.c:(.text+0x79): undefined reference to `pthread_atfork'
collect2: error: ld returned 1 exit status
CMakeFiles/cmTC_d2aa7.dir/build.make:103: 'cmTC_d2aa7' 타겟에 대한 명령이 실패했습니다
make[1]: *** [cmTC_d2aa7] 오류 1
make[1]: 디렉터리 '/home/kmusw/바탕화면/capstone-2020-4/src/khaiii/build/CMakeFiles/CMakeTmp' 나감
Makefile:138: 'cmTC_d2aa7/fast' 타겟에 대한 명령이 실패했습니다
make: *** [cmTC_d2aa7/fast] 오류 2


Source file was:
#include <pthread.h>

void* test_func(void* data)
{
  return data;
}

int main(void)
{
  pthread_t thread;
  pthread_create(&thread, NULL, test_func, NULL);
  pthread_detach(thread);
  pthread_cancel(thread);
  pthread_join(thread, NULL);
  pthread_atfork(NULL, NULL, NULL);
  pthread_exit(NULL);

  return 0;
}

Determining if the function pthread_create exists in the pthreads failed with the following output:
Change Dir: /home/kmusw/바탕화면/capstone-2020-4/src/khaiii/build/CMakeFiles/CMakeTmp

Run Build Command(s):/usr/bin/make cmTC_b009d/fast && /usr/bin/make -f CMakeFiles/cmTC_b009d.dir/build.make CMakeFiles/cmTC_b009d.dir/build
make[1]: 디렉터리 '/home/kmusw/바탕화면/capstone-2020-4/src/khaiii/build/CMakeFiles/CMakeTmp' 들어감
Building C object CMakeFiles/cmTC_b009d.dir/CheckFunctionExists.c.o
/usr/bin/cc   -DCHECK_FUNCTION_EXISTS=pthread_create -mfma   -o CMakeFiles/cmTC_b009d.dir/CheckFunctionExists.c.o   -c /usr/local/share/cmake-3.17/Modules/CheckFunctionExists.c
Linking C executable cmTC_b009d
/usr/local/bin/cmake -E cmake_link_script CMakeFiles/cmTC_b009d.dir/link.txt --verbose=1
/usr/bin/cc  -DCHECK_FUNCTION_EXISTS=pthread_create -mfma    CMakeFiles/cmTC_b009d.dir/CheckFunctionExists.c.o  -o cmTC_b009d  -lpthreads 
/usr/bin/ld: cannot find -lpthreads
collect2: error: ld returned 1 exit status
CMakeFiles/cmTC_b009d.dir/build.make:103: 'cmTC_b009d' 타겟에 대한 명령이 실패했습니다
make[1]: *** [cmTC_b009d] 오류 1
make[1]: 디렉터리 '/home/kmusw/바탕화면/capstone-2020-4/src/khaiii/build/CMakeFiles/CMakeTmp' 나감
Makefile:138: 'cmTC_b009d/fast' 타겟에 대한 명령이 실패했습니다
make: *** [cmTC_b009d/fast] 오류 2



